  main.cpp
c:\visual studio program\catch it if you can\catch it if you can\main.cpp(56): warning C4244: аргумент: преобразование "float" в "T", возможна потеря данных
          with
          [
              T=int
          ]
c:\visual studio program\catch it if you can\catch it if you can\main.cpp(64): warning C4551: в вызове функции отсутствует список аргументов
c:\visual studio program\catch it if you can\catch it if you can\main.cpp(69): warning C4305: =: усечение из "double" в "float"
c:\visual studio program\catch it if you can\catch it if you can\main.cpp(71): warning C4244: +=: преобразование "double" в "float", возможна потеря данных
c:\visual studio program\catch it if you can\catch it if you can\main.cpp(74): warning C4244: аргумент: преобразование "float" в "T", возможна потеря данных
          with
          [
              T=int
          ]
c:\visual studio program\catch it if you can\catch it if you can\main.cpp(79): warning C4305: =: усечение из "double" в "float"
c:\visual studio program\catch it if you can\catch it if you can\main.cpp(81): warning C4244: +=: преобразование "double" в "float", возможна потеря данных
c:\visual studio program\catch it if you can\catch it if you can\main.cpp(84): warning C4244: аргумент: преобразование "float" в "T", возможна потеря данных
          with
          [
              T=int
          ]
c:\visual studio program\catch it if you can\catch it if you can\main.cpp(124): warning C4244: аргумент: преобразование "int" в "float", возможна потеря данных
c:\visual studio program\catch it if you can\catch it if you can\main.cpp(126): warning C4244: =: преобразование "int" в "float", возможна потеря данных
c:\visual studio program\catch it if you can\catch it if you can\main.cpp(128): warning C4244: аргумент: преобразование "float" в "T", возможна потеря данных
          with
          [
              T=int
          ]
c:\visual studio program\catch it if you can\catch it if you can\main.cpp(129): warning C4305: =: усечение из "double" в "float"
c:\visual studio program\catch it if you can\catch it if you can\main.cpp(134): warning C4244: +=: преобразование "double" в "float", возможна потеря данных
c:\visual studio program\catch it if you can\catch it if you can\main.cpp(137): warning C4244: аргумент: преобразование "float" в "T", возможна потеря данных
          with
          [
              T=int
          ]
c:\visual studio program\catch it if you can\catch it if you can\main.cpp(212): warning C4244: аргумент: преобразование "int" в "float", возможна потеря данных
c:\visual studio program\catch it if you can\catch it if you can\main.cpp(240): warning C4244: аргумент: преобразование "int" в "float", возможна потеря данных
c:\visual studio program\catch it if you can\catch it if you can\main.cpp(270): warning C4244: инициализация: преобразование "sf::Int64" в "float", возможна потеря данных
c:\visual studio program\catch it if you can\catch it if you can\main.cpp(308): warning C4305: =: усечение из "double" в "float"
c:\visual studio program\catch it if you can\catch it if you can\main.cpp(314): warning C4305: =: усечение из "double" в "float"
c:\visual studio program\catch it if you can\catch it if you can\main.cpp(319): warning C4305: =: усечение из "double" в "float"
c:\visual studio program\catch it if you can\catch it if you can\menu.h(227): warning C4715: menuEnemy: значение возвращается не при всех путях выполнения
c:\visual studio program\catch it if you can\catch it if you can\menu.h(56): warning C4715: menu: значение возвращается не при всех путях выполнения
c:\visual studio program\catch it if you can\catch it if you can\menu.h(174): warning C4715: menuPlayer: значение возвращается не при всех путях выполнения
  Catch it if you can.vcxproj -> C:\Visual Studio program\Catch it if you can\Debug\Catch it if you can.exe
